TN:
SF:src/api.js
FN:6,getUserCategory
FNF:1
FNH:1
FNDA:2,getUserCategory
DA:1,1
DA:2,1
DA:3,1
DA:4,1
DA:5,1
DA:6,2
DA:7,2
DA:8,2
DA:9,2
DA:10,1
DA:11,1
DA:12,1
DA:13,2
DA:14,1
DA:15,1
DA:16,0
DA:17,0
DA:18,0
DA:19,1
DA:20,1
DA:21,3
DA:22,3
DA:23,2
DA:24,2
DA:25,2
DA:26,2
DA:27,2
DA:28,2
DA:29,2
DA:30,2
DA:31,2
DA:32,2
DA:33,2
DA:34,2
DA:35,2
DA:36,2
DA:37,2
DA:38,1
DA:39,3
DA:40,1
DA:41,1
DA:42,1
DA:43,1
DA:44,1
DA:45,1
DA:46,3
DA:47,1
DA:48,1
DA:49,1
DA:50,1
DA:51,1
DA:52,1
DA:53,1
DA:54,1
DA:55,1
DA:56,0
DA:57,0
DA:58,0
DA:59,0
DA:60,0
DA:61,0
DA:62,0
DA:63,1
DA:64,1
LF:64
LH:54
BRDA:6,0,0,2
BRDA:9,1,0,1
BRDA:13,2,0,1
BRDA:15,3,0,0
BRDA:20,4,0,3
BRDA:22,5,0,2
BRDA:22,6,0,2
BRDA:37,7,0,1
BRDA:39,8,0,1
BRDA:46,9,0,1
BRDA:55,10,0,0
BRDA:59,11,0,0
BRDA:41,12,0,1
BRF:13
BRH:10
end_of_record
