{"/mnt/c/Users/user/Desktop/javascript_expert/metodo-tajs/modulo03-conceitos-tajs/aula06-e2e-tests/src/index.js": {"path":"/mnt/c/Users/user/Desktop/javascript_expert/metodo-tajs/modulo03-conceitos-tajs/aula06-e2e-tests/src/index.js","all":false,"statementMap":{"0":{"start":{"line":1,"column":0},"end":{"line":1,"column":33}},"1":{"start":{"line":2,"column":0},"end":{"line":2,"column":0}},"2":{"start":{"line":3,"column":0},"end":{"line":3,"column":38}},"3":{"start":{"line":4,"column":0},"end":{"line":4,"column":43}},"4":{"start":{"line":5,"column":0},"end":{"line":5,"column":43}},"5":{"start":{"line":6,"column":0},"end":{"line":6,"column":84}},"6":{"start":{"line":7,"column":0},"end":{"line":7,"column":6}},"7":{"start":{"line":8,"column":0},"end":{"line":8,"column":1}},"8":{"start":{"line":9,"column":0},"end":{"line":9,"column":0}},"9":{"start":{"line":10,"column":0},"end":{"line":10,"column":22}}},"s":{"0":1,"1":1,"2":1,"3":1,"4":1,"5":1,"6":1,"7":1,"8":1,"9":1},"branchMap":{"0":{"type":"branch","line":4,"loc":{"start":{"line":4,"column":36},"end":{"line":7,"column":5}},"locations":[{"start":{"line":4,"column":36},"end":{"line":7,"column":5}}]}},"b":{"0":[1]},"fnMap":{},"f":{}}
,"/mnt/c/Users/user/Desktop/javascript_expert/metodo-tajs/modulo03-conceitos-tajs/aula06-e2e-tests/src/person.js": {"path":"/mnt/c/Users/user/Desktop/javascript_expert/metodo-tajs/modulo03-conceitos-tajs/aula06-e2e-tests/src/person.js","all":false,"statementMap":{"0":{"start":{"line":1,"column":0},"end":{"line":1,"column":14}},"1":{"start":{"line":2,"column":0},"end":{"line":2,"column":29}},"2":{"start":{"line":3,"column":0},"end":{"line":3,"column":61}},"3":{"start":{"line":4,"column":0},"end":{"line":4,"column":59}},"4":{"start":{"line":5,"column":0},"end":{"line":5,"column":5}},"5":{"start":{"line":6,"column":0},"end":{"line":6,"column":0}},"6":{"start":{"line":7,"column":0},"end":{"line":7,"column":27}},"7":{"start":{"line":8,"column":0},"end":{"line":8,"column":58}},"8":{"start":{"line":9,"column":0},"end":{"line":9,"column":16}},"9":{"start":{"line":10,"column":0},"end":{"line":10,"column":47}},"10":{"start":{"line":11,"column":0},"end":{"line":11,"column":17}},"11":{"start":{"line":12,"column":0},"end":{"line":12,"column":40}},"12":{"start":{"line":13,"column":0},"end":{"line":13,"column":9}},"13":{"start":{"line":14,"column":0},"end":{"line":14,"column":5}},"14":{"start":{"line":15,"column":0},"end":{"line":15,"column":0}},"15":{"start":{"line":16,"column":0},"end":{"line":16,"column":25}},"16":{"start":{"line":17,"column":0},"end":{"line":17,"column":70}},"17":{"start":{"line":18,"column":0},"end":{"line":18,"column":84}},"18":{"start":{"line":19,"column":0},"end":{"line":19,"column":8}},"19":{"start":{"line":20,"column":0},"end":{"line":20,"column":0}},"20":{"start":{"line":21,"column":0},"end":{"line":21,"column":37}},"21":{"start":{"line":22,"column":0},"end":{"line":22,"column":54}},"22":{"start":{"line":23,"column":0},"end":{"line":23,"column":5}},"23":{"start":{"line":24,"column":0},"end":{"line":24,"column":0}},"24":{"start":{"line":25,"column":0},"end":{"line":25,"column":28}},"25":{"start":{"line":26,"column":0},"end":{"line":26,"column":29}},"26":{"start":{"line":27,"column":0},"end":{"line":27,"column":51}},"27":{"start":{"line":28,"column":0},"end":{"line":28,"column":34}},"28":{"start":{"line":29,"column":0},"end":{"line":29,"column":19}},"29":{"start":{"line":30,"column":0},"end":{"line":30,"column":5}},"30":{"start":{"line":31,"column":0},"end":{"line":31,"column":1}},"31":{"start":{"line":32,"column":0},"end":{"line":32,"column":0}},"32":{"start":{"line":33,"column":0},"end":{"line":33,"column":16}},"33":{"start":{"line":34,"column":0},"end":{"line":34,"column":28}},"34":{"start":{"line":35,"column":0},"end":{"line":35,"column":25}},"35":{"start":{"line":36,"column":0},"end":{"line":36,"column":2}},"36":{"start":{"line":37,"column":0},"end":{"line":37,"column":0}},"37":{"start":{"line":38,"column":0},"end":{"line":38,"column":21}}},"s":{"0":1,"1":1,"2":5,"3":5,"4":5,"5":1,"6":1,"7":3,"8":3,"9":3,"10":3,"11":3,"12":3,"13":3,"14":1,"15":1,"16":4,"17":2,"18":2,"19":2,"20":2,"21":2,"22":2,"23":1,"24":1,"25":5,"26":5,"27":5,"28":5,"29":5,"30":1,"31":1,"32":1,"33":1,"34":1,"35":1,"36":1,"37":1},"branchMap":{"0":{"type":"branch","line":2,"loc":{"start":{"line":2,"column":11},"end":{"line":5,"column":5}},"locations":[{"start":{"line":2,"column":11},"end":{"line":5,"column":5}}]},"1":{"type":"branch","line":3,"loc":{"start":{"line":3,"column":26},"end":{"line":3,"column":61}},"locations":[{"start":{"line":3,"column":26},"end":{"line":3,"column":61}}]},"2":{"type":"branch","line":4,"loc":{"start":{"line":4,"column":-2},"end":{"line":4,"column":25}},"locations":[{"start":{"line":4,"column":-2},"end":{"line":4,"column":25}}]},"3":{"type":"branch","line":4,"loc":{"start":{"line":4,"column":25},"end":{"line":4,"column":59}},"locations":[{"start":{"line":4,"column":25},"end":{"line":4,"column":59}}]},"4":{"type":"branch","line":7,"loc":{"start":{"line":7,"column":11},"end":{"line":14,"column":5}},"locations":[{"start":{"line":7,"column":11},"end":{"line":14,"column":5}}]},"5":{"type":"branch","line":16,"loc":{"start":{"line":16,"column":11},"end":{"line":23,"column":5}},"locations":[{"start":{"line":16,"column":11},"end":{"line":23,"column":5}}]},"6":{"type":"branch","line":17,"loc":{"start":{"line":17,"column":69},"end":{"line":23,"column":5}},"locations":[{"start":{"line":17,"column":69},"end":{"line":23,"column":5}}]},"7":{"type":"branch","line":17,"loc":{"start":{"line":17,"column":46},"end":{"line":17,"column":66}},"locations":[{"start":{"line":17,"column":46},"end":{"line":17,"column":66}}]},"8":{"type":"branch","line":25,"loc":{"start":{"line":25,"column":11},"end":{"line":30,"column":5}},"locations":[{"start":{"line":25,"column":11},"end":{"line":30,"column":5}}]}},"b":{"0":[5],"1":[1],"2":[4],"3":[1],"4":[3],"5":[4],"6":[2],"7":[12],"8":[5]},"fnMap":{"0":{"name":"validate","decl":{"start":{"line":2,"column":11},"end":{"line":5,"column":5}},"loc":{"start":{"line":2,"column":11},"end":{"line":5,"column":5}},"line":2},"1":{"name":"format","decl":{"start":{"line":7,"column":11},"end":{"line":14,"column":5}},"loc":{"start":{"line":7,"column":11},"end":{"line":14,"column":5}},"line":7},"2":{"name":"save","decl":{"start":{"line":16,"column":11},"end":{"line":23,"column":5}},"loc":{"start":{"line":16,"column":11},"end":{"line":23,"column":5}},"line":16},"3":{"name":"process","decl":{"start":{"line":25,"column":11},"end":{"line":30,"column":5}},"loc":{"start":{"line":25,"column":11},"end":{"line":30,"column":5}},"line":25}},"f":{"0":5,"1":3,"2":4,"3":5}}
,"/mnt/c/Users/user/Desktop/javascript_expert/metodo-tajs/modulo03-conceitos-tajs/aula06-e2e-tests/src/server.js": {"path":"/mnt/c/Users/user/Desktop/javascript_expert/metodo-tajs/modulo03-conceitos-tajs/aula06-e2e-tests/src/server.js","all":false,"statementMap":{"0":{"start":{"line":1,"column":0},"end":{"line":1,"column":41}},"1":{"start":{"line":2,"column":0},"end":{"line":2,"column":35}},"2":{"start":{"line":3,"column":0},"end":{"line":3,"column":33}},"3":{"start":{"line":4,"column":0},"end":{"line":4,"column":0}},"4":{"start":{"line":5,"column":0},"end":{"line":5,"column":58}},"5":{"start":{"line":6,"column":0},"end":{"line":6,"column":66}},"6":{"start":{"line":7,"column":0},"end":{"line":7,"column":31}},"7":{"start":{"line":8,"column":0},"end":{"line":8,"column":22}},"8":{"start":{"line":9,"column":0},"end":{"line":9,"column":14}},"9":{"start":{"line":10,"column":0},"end":{"line":10,"column":5}},"10":{"start":{"line":11,"column":0},"end":{"line":11,"column":0}},"11":{"start":{"line":12,"column":0},"end":{"line":12,"column":8}},"12":{"start":{"line":13,"column":0},"end":{"line":13,"column":61}},"13":{"start":{"line":14,"column":0},"end":{"line":14,"column":55}},"14":{"start":{"line":15,"column":0},"end":{"line":15,"column":55}},"15":{"start":{"line":16,"column":0},"end":{"line":16,"column":0}},"16":{"start":{"line":17,"column":0},"end":{"line":17,"column":21}},"17":{"start":{"line":18,"column":0},"end":{"line":18,"column":49}},"18":{"start":{"line":19,"column":0},"end":{"line":19,"column":35}},"19":{"start":{"line":20,"column":0},"end":{"line":20,"column":27}},"20":{"start":{"line":21,"column":0},"end":{"line":21,"column":32}},"21":{"start":{"line":22,"column":0},"end":{"line":22,"column":50}},"22":{"start":{"line":23,"column":0},"end":{"line":23,"column":18}},"23":{"start":{"line":24,"column":0},"end":{"line":24,"column":13}},"24":{"start":{"line":25,"column":0},"end":{"line":25,"column":26}},"25":{"start":{"line":26,"column":0},"end":{"line":26,"column":19}},"26":{"start":{"line":27,"column":0},"end":{"line":27,"column":9}},"27":{"start":{"line":28,"column":0},"end":{"line":28,"column":40}},"28":{"start":{"line":29,"column":0},"end":{"line":29,"column":31}},"29":{"start":{"line":30,"column":0},"end":{"line":30,"column":22}},"30":{"start":{"line":31,"column":0},"end":{"line":31,"column":5}},"31":{"start":{"line":32,"column":0},"end":{"line":32,"column":2}},"32":{"start":{"line":33,"column":0},"end":{"line":33,"column":0}},"33":{"start":{"line":34,"column":0},"end":{"line":34,"column":22}},"34":{"start":{"line":35,"column":0},"end":{"line":35,"column":0}},"35":{"start":{"line":36,"column":0},"end":{"line":36,"column":2}},"36":{"start":{"line":37,"column":0},"end":{"line":37,"column":12}},"37":{"start":{"line":38,"column":0},"end":{"line":38,"column":14}},"38":{"start":{"line":39,"column":0},"end":{"line":39,"column":41}},"39":{"start":{"line":40,"column":0},"end":{"line":40,"column":9}},"40":{"start":{"line":41,"column":0},"end":{"line":41,"column":28}},"41":{"start":{"line":42,"column":0},"end":{"line":42,"column":27}},"42":{"start":{"line":43,"column":0},"end":{"line":43,"column":4}},"43":{"start":{"line":44,"column":0},"end":{"line":44,"column":33}},"44":{"start":{"line":45,"column":0},"end":{"line":45,"column":2}}},"s":{"0":1,"1":1,"2":1,"3":1,"4":1,"5":6,"6":2,"7":2,"8":2,"9":2,"10":4,"11":4,"12":4,"13":4,"14":4,"15":4,"16":6,"17":3,"18":2,"19":2,"20":2,"21":2,"22":2,"23":2,"24":2,"25":2,"26":2,"27":1,"28":1,"29":1,"30":1,"31":6,"32":1,"33":1,"34":1,"35":1,"36":1,"37":1,"38":1,"39":1,"40":1,"41":1,"42":1,"43":1,"44":1},"branchMap":{"0":{"type":"branch","line":5,"loc":{"start":{"line":5,"column":28},"end":{"line":32,"column":2}},"locations":[{"start":{"line":5,"column":28},"end":{"line":32,"column":2}}]},"1":{"type":"branch","line":6,"loc":{"start":{"line":6,"column":33},"end":{"line":6,"column":63}},"locations":[{"start":{"line":6,"column":33},"end":{"line":6,"column":63}}]},"2":{"type":"branch","line":6,"loc":{"start":{"line":6,"column":65},"end":{"line":10,"column":5}},"locations":[{"start":{"line":6,"column":65},"end":{"line":10,"column":5}}]},"3":{"type":"branch","line":10,"loc":{"start":{"line":10,"column":4},"end":{"line":17,"column":6}},"locations":[{"start":{"line":10,"column":4},"end":{"line":17,"column":6}}]},"4":{"type":"branch","line":17,"loc":{"start":{"line":17,"column":6},"end":{"line":31,"column":5}},"locations":[{"start":{"line":17,"column":6},"end":{"line":31,"column":5}}]},"5":{"type":"branch","line":18,"loc":{"start":{"line":18,"column":48},"end":{"line":27,"column":9}},"locations":[{"start":{"line":18,"column":48},"end":{"line":27,"column":9}}]},"6":{"type":"branch","line":27,"loc":{"start":{"line":27,"column":8},"end":{"line":31,"column":5}},"locations":[{"start":{"line":27,"column":8},"end":{"line":31,"column":5}}]}},"b":{"0":[6],"1":[5],"2":[2],"3":[4],"4":[3],"5":[2],"6":[1]},"fnMap":{},"f":{}}
}
