TN:
SF:src/index.js
FNF:0
FNH:0
DA:1,1
DA:2,1
DA:3,1
DA:4,1
DA:5,1
DA:6,1
DA:7,1
DA:8,1
DA:9,1
DA:10,1
LF:10
LH:10
BRDA:4,0,0,1
BRF:1
BRH:1
end_of_record
TN:
SF:src/person.js
FN:2,validate
FN:7,format
FN:16,save
FN:25,process
FNF:4
FNH:4
FNDA:5,validate
FNDA:3,format
FNDA:4,save
FNDA:5,process
DA:1,1
DA:2,1
DA:3,5
DA:4,5
DA:5,5
DA:6,1
DA:7,1
DA:8,3
DA:9,3
DA:10,3
DA:11,3
DA:12,3
DA:13,3
DA:14,3
DA:15,1
DA:16,1
DA:17,4
DA:18,2
DA:19,2
DA:20,2
DA:21,2
DA:22,2
DA:23,2
DA:24,1
DA:25,1
DA:26,5
DA:27,5
DA:28,5
DA:29,5
DA:30,5
DA:31,1
DA:32,1
DA:33,1
DA:34,1
DA:35,1
DA:36,1
DA:37,1
DA:38,1
LF:38
LH:38
BRDA:2,0,0,5
BRDA:3,1,0,1
BRDA:4,2,0,4
BRDA:4,3,0,1
BRDA:7,4,0,3
BRDA:16,5,0,4
BRDA:17,6,0,2
BRDA:17,7,0,12
BRDA:25,8,0,5
BRF:9
BRH:9
end_of_record
TN:
SF:src/server.js
FNF:0
FNH:0
DA:1,1
DA:2,1
DA:3,1
DA:4,1
DA:5,1
DA:6,6
DA:7,2
DA:8,2
DA:9,2
DA:10,2
DA:11,4
DA:12,4
DA:13,4
DA:14,4
DA:15,4
DA:16,4
DA:17,6
DA:18,3
DA:19,2
DA:20,2
DA:21,2
DA:22,2
DA:23,2
DA:24,2
DA:25,2
DA:26,2
DA:27,2
DA:28,1
DA:29,1
DA:30,1
DA:31,1
DA:32,6
DA:33,1
DA:34,1
DA:35,1
DA:36,1
DA:37,1
DA:38,1
DA:39,1
DA:40,1
DA:41,1
DA:42,1
DA:43,1
DA:44,1
DA:45,1
LF:45
LH:45
BRDA:5,0,0,6
BRDA:6,1,0,5
BRDA:6,2,0,2
BRDA:10,3,0,4
BRDA:17,4,0,3
BRDA:18,5,0,2
BRDA:27,6,0,1
BRF:7
BRH:7
end_of_record
