{"/mnt/c/Users/user/Desktop/javascript_expert/metodo-tajs/modulo06/aula02-web-integration-nock/src/runner.js": {"path":"/mnt/c/Users/user/Desktop/javascript_expert/metodo-tajs/modulo06/aula02-web-integration-nock/src/runner.js","all":false,"statementMap":{"0":{"start":{"line":1,"column":0},"end":{"line":1,"column":26}},"1":{"start":{"line":2,"column":0},"end":{"line":2,"column":34}},"2":{"start":{"line":3,"column":0},"end":{"line":3,"column":0}},"3":{"start":{"line":4,"column":0},"end":{"line":4,"column":53}},"4":{"start":{"line":5,"column":0},"end":{"line":5,"column":95}},"5":{"start":{"line":6,"column":0},"end":{"line":6,"column":65}},"6":{"start":{"line":7,"column":0},"end":{"line":7,"column":0}},"7":{"start":{"line":8,"column":0},"end":{"line":8,"column":65}},"8":{"start":{"line":9,"column":0},"end":{"line":9,"column":16}},"9":{"start":{"line":10,"column":0},"end":{"line":10,"column":24}},"10":{"start":{"line":11,"column":0},"end":{"line":11,"column":28}},"11":{"start":{"line":12,"column":0},"end":{"line":12,"column":29}},"12":{"start":{"line":13,"column":0},"end":{"line":13,"column":9}},"13":{"start":{"line":14,"column":0},"end":{"line":14,"column":6}},"14":{"start":{"line":15,"column":0},"end":{"line":15,"column":0}},"15":{"start":{"line":16,"column":0},"end":{"line":16,"column":18}},"16":{"start":{"line":17,"column":0},"end":{"line":17,"column":1}},"17":{"start":{"line":18,"column":0},"end":{"line":18,"column":0}},"18":{"start":{"line":19,"column":0},"end":{"line":19,"column":24}}},"s":{"0":1,"1":1,"2":1,"3":3,"4":3,"5":3,"6":3,"7":3,"8":3,"9":3,"10":3,"11":3,"12":3,"13":3,"14":3,"15":3,"16":3,"17":1,"18":1},"branchMap":{"0":{"type":"branch","line":4,"loc":{"start":{"line":4,"column":0},"end":{"line":17,"column":1}},"locations":[{"start":{"line":4,"column":0},"end":{"line":17,"column":1}}]},"1":{"type":"branch","line":8,"loc":{"start":{"line":8,"column":56},"end":{"line":14,"column":5}},"locations":[{"start":{"line":8,"column":56},"end":{"line":14,"column":5}}]}},"b":{"0":[3],"1":[3]},"fnMap":{"0":{"name":"fetchAPByPage","decl":{"start":{"line":4,"column":0},"end":{"line":17,"column":1}},"loc":{"start":{"line":4,"column":0},"end":{"line":17,"column":1}},"line":4}},"f":{"0":3}}
}
